warn: Microsoft.AspNetCore.DataProtection.Repositories.EphemeralXmlRepository[50]
      Using an in-memory repository. Keys will not be persisted to storage.
warn: Microsoft.AspNetCore.DataProtection.KeyManagement.XmlKeyManager[59]
      Neither user profile nor HKLM registry available. Using an ephemeral key repository. Protected data will be unavailable when application exits.
info: Microsoft.AspNetCore.DataProtection.KeyManagement.XmlKeyManager[58]
      Creating key {c4720781-3d03-409f-a92b-1d7cf18528bf} with creation date 2020-06-04 16:16:53Z, activation date 2020-06-04 16:16:53Z, and expiration date 2020-09-02 16:16:53Z.
warn: Microsoft.AspNetCore.DataProtection.KeyManagement.XmlKeyManager[35]
      No XML encryptor configured. Key {c4720781-3d03-409f-a92b-1d7cf18528bf} may be persisted to storage in unencrypted form.
Hosting environment: Development
Content root path: E:\gitcode\senlin\datastat-api\src\DataStat.WebSite
Now listening on: http://127.0.0.1:9968
Application started. Press Ctrl+C to shut down.
info: Microsoft.AspNetCore.Hosting.Internal.WebHost[1]
      Request starting HTTP/1.1 GET http://localhost/DataStat  
info: Microsoft.AspNetCore.Hosting.Internal.WebHost[1]
      Request starting HTTP/1.1 DEBUG http://localhost/DataStat  0
info: Microsoft.AspNetCore.Hosting.Internal.WebHost[2]
      Request finished in 103.2816ms 200 
info: Microsoft.AspNetCore.Hosting.Internal.WebHost[2]
      Request finished in 429.1764ms 404 
