warn: Microsoft.AspNetCore.DataProtection.Repositories.EphemeralXmlRepository[50]
      Using an in-memory repository. Keys will not be persisted to storage.
warn: Microsoft.AspNetCore.DataProtection.KeyManagement.XmlKeyManager[59]
      Neither user profile nor HKLM registry available. Using an ephemeral key repository. Protected data will be unavailable when application exits.
info: Microsoft.AspNetCore.DataProtection.KeyManagement.XmlKeyManager[58]
      Creating key {706a64f8-5138-4f29-9f46-395abfa31dd3} with creation date 2020-06-04 15:27:23Z, activation date 2020-06-04 15:27:23Z, and expiration date 2020-09-02 15:27:23Z.
warn: Microsoft.AspNetCore.DataProtection.KeyManagement.XmlKeyManager[35]
      No XML encryptor configured. Key {706a64f8-5138-4f29-9f46-395abfa31dd3} may be persisted to storage in unencrypted form.
Hosting environment: Development
Content root path: E:\gitcode\senlin\datastat-api\src\DataStat.WebSite
Now listening on: http://127.0.0.1:29307
Application started. Press Ctrl+C to shut down.
info: Microsoft.AspNetCore.Hosting.Internal.WebHost[1]
      Request starting HTTP/1.1 GET http://localhost/DataStat  
info: Microsoft.AspNetCore.Hosting.Internal.WebHost[1]
      Request starting HTTP/1.1 DEBUG http://localhost/DataStat  0
info: Microsoft.AspNetCore.Hosting.Internal.WebHost[2]
      Request finished in 106.9224ms 200 
info: Microsoft.AspNetCore.Hosting.Internal.WebHost[2]
      Request finished in 440.8991ms 404 
info: Microsoft.AspNetCore.Hosting.Internal.WebHost[1]
      Request starting HTTP/1.1 GET http://localhost/DataStat  
info: Microsoft.AspNetCore.Hosting.Internal.WebHost[2]
      Request finished in 3.3003ms 404 
info: Microsoft.AspNetCore.Hosting.Internal.WebHost[1]
      Request starting HTTP/1.1 GET http://localhost/DataStat/indes.html  
info: Microsoft.AspNetCore.Hosting.Internal.WebHost[2]
      Request finished in 10.4019ms 404 
info: Microsoft.AspNetCore.Hosting.Internal.WebHost[1]
      Request starting HTTP/1.1 GET http://localhost/DataStat/index.html  
info: Microsoft.AspNetCore.Hosting.Internal.WebHost[2]
      Request finished in 129.4318ms 200 text/html;charset=utf-8
info: Microsoft.AspNetCore.Hosting.Internal.WebHost[1]
      Request starting HTTP/1.1 GET http://localhost/DataStat/swagger-ui.css  
info: Microsoft.AspNetCore.Hosting.Internal.WebHost[1]
      Request starting HTTP/1.1 GET http://localhost/DataStat/swagger/ui/abp.js  
info: Microsoft.AspNetCore.Hosting.Internal.WebHost[1]
      Request starting HTTP/1.1 GET http://localhost/DataStat/swagger/ui/swagger.css  
info: Microsoft.AspNetCore.Hosting.Internal.WebHost[1]
      Request starting HTTP/1.1 GET http://localhost/DataStat/swagger-ui-bundle.js  
info: Microsoft.AspNetCore.StaticFiles.StaticFileMiddleware[2]
      Sending file. Request path: '/swagger/ui/abp.js'. Physical path: 'E:\gitcode\senlin\datastat-api\src\DataStat.WebSite\wwwroot\swagger\ui\abp.js'
info: Microsoft.AspNetCore.StaticFiles.StaticFileMiddleware[2]
      Sending file. Request path: '/swagger/ui/swagger.css'. Physical path: 'E:\gitcode\senlin\datastat-api\src\DataStat.WebSite\wwwroot\swagger\ui\swagger.css'
info: Microsoft.AspNetCore.Hosting.Internal.WebHost[2]
      Request finished in 51.7296ms 200 application/javascript
info: Microsoft.AspNetCore.Hosting.Internal.WebHost[2]
      Request finished in 45.5739ms 200 text/css
info: Microsoft.AspNetCore.Hosting.Internal.WebHost[1]
      Request starting HTTP/1.1 GET http://localhost/DataStat/swagger/ui/swagger.js  
info: Microsoft.AspNetCore.Hosting.Internal.WebHost[1]
      Request starting HTTP/1.1 GET http://localhost/DataStat/swagger/ui/on-complete.js  
info: Microsoft.AspNetCore.StaticFiles.StaticFileMiddleware[2]
      Sending file. Request path: '/swagger/ui/on-complete.js'. Physical path: 'E:\gitcode\senlin\datastat-api\src\DataStat.WebSite\wwwroot\swagger\ui\on-complete.js'
info: Microsoft.AspNetCore.StaticFiles.StaticFileMiddleware[2]
      Sending file. Request path: '/swagger/ui/swagger.js'. Physical path: 'E:\gitcode\senlin\datastat-api\src\DataStat.WebSite\wwwroot\swagger\ui\swagger.js'
info: Microsoft.AspNetCore.Hosting.Internal.WebHost[2]
      Request finished in 8.9016ms 200 application/javascript
info: Microsoft.AspNetCore.Hosting.Internal.WebHost[2]
      Request finished in 10.6594ms 200 application/javascript
info: Microsoft.AspNetCore.Hosting.Internal.WebHost[1]
      Request starting HTTP/1.1 GET http://localhost/DataStat/swagger-ui-standalone-preset.js  
info: Microsoft.AspNetCore.StaticFiles.StaticFileMiddleware[2]
      Sending file. Request path: '/swagger-ui.css'. Physical path: 'N/A'
info: Microsoft.AspNetCore.StaticFiles.StaticFileMiddleware[2]
      Sending file. Request path: '/swagger-ui-standalone-preset.js'. Physical path: 'N/A'
info: Microsoft.AspNetCore.Hosting.Internal.WebHost[2]
      Request finished in 112.1939ms 200 text/css
info: Microsoft.AspNetCore.Hosting.Internal.WebHost[2]
      Request finished in 36.4958ms 200 application/javascript
info: Microsoft.AspNetCore.StaticFiles.StaticFileMiddleware[2]
      Sending file. Request path: '/swagger-ui-bundle.js'. Physical path: 'N/A'
info: Microsoft.AspNetCore.Hosting.Internal.WebHost[2]
      Request finished in 111.0121ms 200 application/javascript
info: Microsoft.AspNetCore.Hosting.Internal.WebHost[1]
      Request starting HTTP/1.1 GET http://localhost/DataStat/favicon-32x32.png  
info: Microsoft.AspNetCore.Hosting.Internal.WebHost[1]
      Request starting HTTP/1.1 GET http://localhost/DataStat/swagger/??????-??????????/swagger.json  
info: Microsoft.AspNetCore.StaticFiles.StaticFileMiddleware[2]
      Sending file. Request path: '/favicon-32x32.png'. Physical path: 'N/A'
info: Microsoft.AspNetCore.Hosting.Internal.WebHost[2]
      Request finished in 10.5864ms 200 image/png
info: Microsoft.AspNetCore.Hosting.Internal.WebHost[2]
      Request finished in 318.3252ms 200 application/json;charset=utf-8
info: Microsoft.AspNetCore.Hosting.Internal.WebHost[1]
      Request starting HTTP/1.1 GET http://localhost/DataStat/swagger-ui.html  
info: Microsoft.AspNetCore.Hosting.Internal.WebHost[2]
      Request finished in 2.6738ms 404 
