warn: Microsoft.AspNetCore.DataProtection.Repositories.EphemeralXmlRepository[50]
      Using an in-memory repository. Keys will not be persisted to storage.
warn: Microsoft.AspNetCore.DataProtection.KeyManagement.XmlKeyManager[59]
      Neither user profile nor HKLM registry available. Using an ephemeral key repository. Protected data will be unavailable when application exits.
info: Microsoft.AspNetCore.DataProtection.KeyManagement.XmlKeyManager[58]
      Creating key {70cdb40e-f09e-4e80-aa70-06caeded7ca8} with creation date 2020-06-05 02:47:12Z, activation date 2020-06-05 02:47:12Z, and expiration date 2020-09-03 02:47:12Z.
warn: Microsoft.AspNetCore.DataProtection.KeyManagement.XmlKeyManager[35]
      No XML encryptor configured. Key {70cdb40e-f09e-4e80-aa70-06caeded7ca8} may be persisted to storage in unencrypted form.
Hosting environment: Development
Content root path: E:\gitcode\senlin\datastat-api\src\DataStat.WebSite
Now listening on: http://127.0.0.1:24961
Application started. Press Ctrl+C to shut down.
info: Microsoft.AspNetCore.Hosting.Internal.WebHost[1]
      Request starting HTTP/1.1 GET http://localhost/DataStat  
info: Microsoft.AspNetCore.Hosting.Internal.WebHost[1]
      Request starting HTTP/1.1 DEBUG http://localhost/DataStat  0
info: Microsoft.AspNetCore.Hosting.Internal.WebHost[2]
      Request finished in 116.0068ms 200 
info: Microsoft.AspNetCore.Hosting.Internal.WebHost[2]
      Request finished in 453.6617ms 404 
info: Microsoft.AspNetCore.Hosting.Internal.WebHost[1]
      Request starting HTTP/1.1 GET http://localhost/DataStat  
info: Microsoft.AspNetCore.Hosting.Internal.WebHost[2]
      Request finished in 2.2709ms 404 
info: Microsoft.AspNetCore.Hosting.Internal.WebHost[1]
      Request starting HTTP/1.1 GET http://localhost/DataStat/Home/Index  
info: Microsoft.AspNetCore.Hosting.Internal.WebHost[2]
      Request finished in 4.4947ms 404 
info: Microsoft.AspNetCore.Hosting.Internal.WebHost[1]
      Request starting HTTP/1.1 GET http://localhost/DataStat/Home/Index  
info: Microsoft.AspNetCore.Hosting.Internal.WebHost[2]
      Request finished in 2.6224ms 404 
