warn: Microsoft.AspNetCore.DataProtection.Repositories.EphemeralXmlRepository[50]
      Using an in-memory repository. Keys will not be persisted to storage.
warn: Microsoft.AspNetCore.DataProtection.KeyManagement.XmlKeyManager[59]
      Neither user profile nor HKLM registry available. Using an ephemeral key repository. Protected data will be unavailable when application exits.
info: Microsoft.AspNetCore.DataProtection.KeyManagement.XmlKeyManager[58]
      Creating key {ea5ff9e1-dff7-4934-9c09-dc34d25c4c8c} with creation date 2020-06-04 16:09:47Z, activation date 2020-06-04 16:09:47Z, and expiration date 2020-09-02 16:09:47Z.
warn: Microsoft.AspNetCore.DataProtection.KeyManagement.XmlKeyManager[35]
      No XML encryptor configured. Key {ea5ff9e1-dff7-4934-9c09-dc34d25c4c8c} may be persisted to storage in unencrypted form.
Hosting environment: Development
Content root path: E:\gitcode\senlin\datastat-api\src\DataStat.WebSite
Now listening on: http://127.0.0.1:29490
Application started. Press Ctrl+C to shut down.
info: Microsoft.AspNetCore.Hosting.Internal.WebHost[1]
      Request starting HTTP/1.1 GET http://localhost/DataStat  
info: Microsoft.AspNetCore.Hosting.Internal.WebHost[1]
      Request starting HTTP/1.1 DEBUG http://localhost/DataStat  0
info: Microsoft.AspNetCore.Hosting.Internal.WebHost[2]
      Request finished in 91.0206ms 200 
info: Microsoft.AspNetCore.Hosting.Internal.WebHost[2]
      Request finished in 1263.3286ms 404 
info: Microsoft.AspNetCore.Hosting.Internal.WebHost[1]
      Request starting HTTP/1.1 GET http://localhost/DataStat/index.html  
info: Microsoft.AspNetCore.Hosting.Internal.WebHost[2]
      Request finished in 154.8287ms 200 text/html;charset=utf-8
info: Microsoft.AspNetCore.Hosting.Internal.WebHost[1]
      Request starting HTTP/1.1 GET http://localhost/DataStat/swagger/??????-??????????/swagger.json  
info: Microsoft.AspNetCore.Hosting.Internal.WebHost[2]
      Request finished in 556.858ms 200 application/json;charset=utf-8
